<?xml version="1.0" encoding="UTF-8"?>
<testsuites name="Mocha Tests" time="0.061" tests="2" failures="0">
  <testsuite name="Root Suite" timestamp="2023-07-12T11:43:27" tests="0" file="cypress/component/DemoComponentTest.cy.jsx" time="0.000" failures="0">
  </testsuite>
  <testsuite name="Demo Component" timestamp="2023-07-12T11:43:27" tests="2" time="0.055" failures="0">
    <testcase name="Demo Component Default Message" time="0.036" classname="Default Message">
    </testcase>
    <testcase name="Demo Component Good Evening Message" time="0.014" classname="Good Evening Message">
    </testcase>
  </testsuite>
</testsuites>